<?xml version="1.0" encoding="UTF-8"?>
<!-- Generated by org.testng.reporters.JUnitReportReporter -->
<testsuite hostname="LAPTOP-8APVTDU6" failures="0" tests="2" name="com.Mycard.TestClass.LoginTestClass" time="12.366" errors="0" timestamp="2025-04-25T15:17:44 IST" skipped="0">
  <testcase classname="com.Mycard.TestClass.LoginTestClass" name="login" time="8.545"/>
  <testcase classname="com.Mycard.TestClass.LoginTestClass" name="clickonRecruitment" time="3.821"/>
</testsuite> <!-- com.Mycard.TestClass.LoginTestClass -->
